<?xml version="1.0" encoding="UTF-8"?>
<testsuite name="com.teo.crud.controller.rest.AddressRESTTest" time="0.75" tests="6" errors="0" skipped="0" failures="0">
  <properties>
[...]
</properties>
  <testcase name="testCreateAddress" classname="com.teo.crud.controller.rest.AddressRESTTest" time="0.344"/>
  <testcase name="testGetAddress" classname="com.teo.crud.controller.rest.AddressRESTTest" time="0.078"/>
  <testcase name="testGetAddressNotFound" classname="com.teo.crud.controller.rest.AddressRESTTest" time="0.078"/>
  <testcase name="testUpdateAddress" classname="com.teo.crud.controller.rest.AddressRESTTest" time="0.094"/>
  <testcase name="testGetAddresss" classname="com.teo.crud.controller.rest.AddressRESTTest" time="0.078"/>
  <testcase name="testDeleteAddress" classname="com.teo.crud.controller.rest.AddressRESTTest" time="0.078"/>
</testsuite>